E:\Angular 5\fundooNotesAngular5\fundooNotesAngular5\fundooNotesAngular5\ClientApp\dist\out-tsc\e2e\app.po.js
E:\Angular 5\fundooNotesAngular5\fundooNotesAngular5\fundooNotesAngular5\ClientApp\dist\out-tsc\e2e\app.po.js.map
E:\Angular 5\fundooNotesAngular5\fundooNotesAngular5\fundooNotesAngular5\ClientApp\dist\out-tsc\e2e\app.e2e-spec.js
E:\Angular 5\fundooNotesAngular5\fundooNotesAngular5\fundooNotesAngular5\ClientApp\dist\out-tsc\e2e\app.e2e-spec.js.map
E:\Angular 5\fundooNotesAngular5\fundooNotesAngular5\fundooNotesAngular5\ClientApp\dist\out-tsc\src\models\IUser.js
E:\Angular 5\fundooNotesAngular5\fundooNotesAngular5\fundooNotesAngular5\ClientApp\dist\out-tsc\src\models\IUser.js.map
E:\Angular 5\fundooNotesAngular5\fundooNotesAngular5\fundooNotesAngular5\ClientApp\dist\out-tsc\src\app\services\auth.service.js
E:\Angular 5\fundooNotesAngular5\fundooNotesAngular5\fundooNotesAngular5\ClientApp\dist\out-tsc\src\app\services\auth.service.js.map
E:\Angular 5\fundooNotesAngular5\fundooNotesAngular5\fundooNotesAngular5\ClientApp\dist\out-tsc\src\app\services\labelsharing.service.js
E:\Angular 5\fundooNotesAngular5\fundooNotesAngular5\fundooNotesAngular5\ClientApp\dist\out-tsc\src\app\services\labelsharing.service.js.map
E:\Angular 5\fundooNotesAngular5\fundooNotesAngular5\fundooNotesAngular5\ClientApp\dist\out-tsc\src\app\label\label.component.js
E:\Angular 5\fundooNotesAngular5\fundooNotesAngular5\fundooNotesAngular5\ClientApp\dist\out-tsc\src\app\label\label.component.js.map
E:\Angular 5\fundooNotesAngular5\fundooNotesAngular5\fundooNotesAngular5\ClientApp\dist\out-tsc\src\app\app.component.js
E:\Angular 5\fundooNotesAngular5\fundooNotesAngular5\fundooNotesAngular5\ClientApp\dist\out-tsc\src\app\app.component.js.map
E:\Angular 5\fundooNotesAngular5\fundooNotesAngular5\fundooNotesAngular5\ClientApp\dist\out-tsc\src\app\directives\rainbow.directive.js
E:\Angular 5\fundooNotesAngular5\fundooNotesAngular5\fundooNotesAngular5\ClientApp\dist\out-tsc\src\app\directives\rainbow.directive.js.map
E:\Angular 5\fundooNotesAngular5\fundooNotesAngular5\fundooNotesAngular5\ClientApp\dist\out-tsc\src\app\directives\changecolor.directive.js
E:\Angular 5\fundooNotesAngular5\fundooNotesAngular5\fundooNotesAngular5\ClientApp\dist\out-tsc\src\app\directives\changecolor.directive.js.map
E:\Angular 5\fundooNotesAngular5\fundooNotesAngular5\fundooNotesAngular5\ClientApp\dist\out-tsc\src\app\directives\navtext.directive.js
E:\Angular 5\fundooNotesAngular5\fundooNotesAngular5\fundooNotesAngular5\ClientApp\dist\out-tsc\src\app\directives\navtext.directive.js.map
E:\Angular 5\fundooNotesAngular5\fundooNotesAngular5\fundooNotesAngular5\ClientApp\dist\out-tsc\src\pipes\collaborator.pipe.js
E:\Angular 5\fundooNotesAngular5\fundooNotesAngular5\fundooNotesAngular5\ClientApp\dist\out-tsc\src\pipes\collaborator.pipe.js.map
E:\Angular 5\fundooNotesAngular5\fundooNotesAngular5\fundooNotesAngular5\ClientApp\dist\out-tsc\src\app\register\register.component.js
E:\Angular 5\fundooNotesAngular5\fundooNotesAngular5\fundooNotesAngular5\ClientApp\dist\out-tsc\src\app\register\register.component.js.map
E:\Angular 5\fundooNotesAngular5\fundooNotesAngular5\fundooNotesAngular5\ClientApp\dist\out-tsc\src\app\note\note.component.js
E:\Angular 5\fundooNotesAngular5\fundooNotesAngular5\fundooNotesAngular5\ClientApp\dist\out-tsc\src\app\note\note.component.js.map
E:\Angular 5\fundooNotesAngular5\fundooNotesAngular5\fundooNotesAngular5\ClientApp\dist\out-tsc\src\app\archive\archive.component.js
E:\Angular 5\fundooNotesAngular5\fundooNotesAngular5\fundooNotesAngular5\ClientApp\dist\out-tsc\src\app\archive\archive.component.js.map
E:\Angular 5\fundooNotesAngular5\fundooNotesAngular5\fundooNotesAngular5\ClientApp\dist\out-tsc\src\app\trash\trash.component.js
E:\Angular 5\fundooNotesAngular5\fundooNotesAngular5\fundooNotesAngular5\ClientApp\dist\out-tsc\src\app\trash\trash.component.js.map
E:\Angular 5\fundooNotesAngular5\fundooNotesAngular5\fundooNotesAngular5\ClientApp\dist\out-tsc\src\app\selectedlabel\selectedlabel.component.js
E:\Angular 5\fundooNotesAngular5\fundooNotesAngular5\fundooNotesAngular5\ClientApp\dist\out-tsc\src\app\selectedlabel\selectedlabel.component.js.map
E:\Angular 5\fundooNotesAngular5\fundooNotesAngular5\fundooNotesAngular5\ClientApp\dist\out-tsc\src\app\login\login.component.js
E:\Angular 5\fundooNotesAngular5\fundooNotesAngular5\fundooNotesAngular5\ClientApp\dist\out-tsc\src\app\login\login.component.js.map
E:\Angular 5\fundooNotesAngular5\fundooNotesAngular5\fundooNotesAngular5\ClientApp\dist\out-tsc\src\app\navigation-demo\navigation-demo.component.js
E:\Angular 5\fundooNotesAngular5\fundooNotesAngular5\fundooNotesAngular5\ClientApp\dist\out-tsc\src\app\navigation-demo\navigation-demo.component.js.map
E:\Angular 5\fundooNotesAngular5\fundooNotesAngular5\fundooNotesAngular5\ClientApp\dist\out-tsc\src\app\nav-practise\nav-practise.component.js
E:\Angular 5\fundooNotesAngular5\fundooNotesAngular5\fundooNotesAngular5\ClientApp\dist\out-tsc\src\app\nav-practise\nav-practise.component.js.map
E:\Angular 5\fundooNotesAngular5\fundooNotesAngular5\fundooNotesAngular5\ClientApp\dist\out-tsc\src\app\app.routing.js
E:\Angular 5\fundooNotesAngular5\fundooNotesAngular5\fundooNotesAngular5\ClientApp\dist\out-tsc\src\app\app.routing.js.map
E:\Angular 5\fundooNotesAngular5\fundooNotesAngular5\fundooNotesAngular5\ClientApp\dist\out-tsc\src\app\collaborator\collaborator.component.js
E:\Angular 5\fundooNotesAngular5\fundooNotesAngular5\fundooNotesAngular5\ClientApp\dist\out-tsc\src\app\collaborator\collaborator.component.js.map
E:\Angular 5\fundooNotesAngular5\fundooNotesAngular5\fundooNotesAngular5\ClientApp\dist\out-tsc\src\app\notedetails\notedetails.component.js
E:\Angular 5\fundooNotesAngular5\fundooNotesAngular5\fundooNotesAngular5\ClientApp\dist\out-tsc\src\app\notedetails\notedetails.component.js.map
E:\Angular 5\fundooNotesAngular5\fundooNotesAngular5\fundooNotesAngular5\ClientApp\dist\out-tsc\src\app\home\home.component.js
E:\Angular 5\fundooNotesAngular5\fundooNotesAngular5\fundooNotesAngular5\ClientApp\dist\out-tsc\src\app\home\home.component.js.map
E:\Angular 5\fundooNotesAngular5\fundooNotesAngular5\fundooNotesAngular5\ClientApp\dist\out-tsc\src\pipes\notefileter.pipe.js
E:\Angular 5\fundooNotesAngular5\fundooNotesAngular5\fundooNotesAngular5\ClientApp\dist\out-tsc\src\pipes\notefileter.pipe.js.map
E:\Angular 5\fundooNotesAngular5\fundooNotesAngular5\fundooNotesAngular5\ClientApp\dist\out-tsc\src\pipes\archive.pipe.js
E:\Angular 5\fundooNotesAngular5\fundooNotesAngular5\fundooNotesAngular5\ClientApp\dist\out-tsc\src\pipes\archive.pipe.js.map
E:\Angular 5\fundooNotesAngular5\fundooNotesAngular5\fundooNotesAngular5\ClientApp\dist\out-tsc\src\pipes\trash.pipe.js
E:\Angular 5\fundooNotesAngular5\fundooNotesAngular5\fundooNotesAngular5\ClientApp\dist\out-tsc\src\pipes\trash.pipe.js.map
E:\Angular 5\fundooNotesAngular5\fundooNotesAngular5\fundooNotesAngular5\ClientApp\dist\out-tsc\src\pipes\unpin.pipe.js
E:\Angular 5\fundooNotesAngular5\fundooNotesAngular5\fundooNotesAngular5\ClientApp\dist\out-tsc\src\pipes\unpin.pipe.js.map
E:\Angular 5\fundooNotesAngular5\fundooNotesAngular5\fundooNotesAngular5\ClientApp\dist\out-tsc\src\pipes\labelfilter.pipe.js
E:\Angular 5\fundooNotesAngular5\fundooNotesAngular5\fundooNotesAngular5\ClientApp\dist\out-tsc\src\pipes\labelfilter.pipe.js.map
E:\Angular 5\fundooNotesAngular5\fundooNotesAngular5\fundooNotesAngular5\ClientApp\dist\out-tsc\src\app\appmaterial.module.js
E:\Angular 5\fundooNotesAngular5\fundooNotesAngular5\fundooNotesAngular5\ClientApp\dist\out-tsc\src\app\appmaterial.module.js.map
E:\Angular 5\fundooNotesAngular5\fundooNotesAngular5\fundooNotesAngular5\ClientApp\dist\out-tsc\src\app\app.module.js
E:\Angular 5\fundooNotesAngular5\fundooNotesAngular5\fundooNotesAngular5\ClientApp\dist\out-tsc\src\app\app.module.js.map
E:\Angular 5\fundooNotesAngular5\fundooNotesAngular5\fundooNotesAngular5\ClientApp\dist\out-tsc\src\environments\environment.js
E:\Angular 5\fundooNotesAngular5\fundooNotesAngular5\fundooNotesAngular5\ClientApp\dist\out-tsc\src\environments\environment.js.map
E:\Angular 5\fundooNotesAngular5\fundooNotesAngular5\fundooNotesAngular5\ClientApp\dist\out-tsc\src\main.js
E:\Angular 5\fundooNotesAngular5\fundooNotesAngular5\fundooNotesAngular5\ClientApp\dist\out-tsc\src\main.js.map
E:\Angular 5\fundooNotesAngular5\fundooNotesAngular5\fundooNotesAngular5\ClientApp\dist\out-tsc\src\polyfills.js
E:\Angular 5\fundooNotesAngular5\fundooNotesAngular5\fundooNotesAngular5\ClientApp\dist\out-tsc\src\polyfills.js.map
E:\Angular 5\fundooNotesAngular5\fundooNotesAngular5\fundooNotesAngular5\ClientApp\dist\out-tsc\src\test.js
E:\Angular 5\fundooNotesAngular5\fundooNotesAngular5\fundooNotesAngular5\ClientApp\dist\out-tsc\src\test.js.map
E:\Angular 5\fundooNotesAngular5\fundooNotesAngular5\fundooNotesAngular5\ClientApp\dist\out-tsc\src\app\app.component.spec.js
E:\Angular 5\fundooNotesAngular5\fundooNotesAngular5\fundooNotesAngular5\ClientApp\dist\out-tsc\src\app\app.component.spec.js.map
E:\Angular 5\fundooNotesAngular5\fundooNotesAngular5\fundooNotesAngular5\ClientApp\dist\out-tsc\src\environments\environment.prod.js
E:\Angular 5\fundooNotesAngular5\fundooNotesAngular5\fundooNotesAngular5\ClientApp\dist\out-tsc\src\environments\environment.prod.js.map
E:\Angular 5\fundooNotesAngular5\fundooNotesAngular5\fundooNotesAngular5\ClientApp\dist\out-tsc\src\models\ICollaborate.js
E:\Angular 5\fundooNotesAngular5\fundooNotesAngular5\fundooNotesAngular5\ClientApp\dist\out-tsc\src\models\ICollaborate.js.map
E:\Angular 5\fundooNotesAngular5\fundooNotesAngular5\fundooNotesAngular5\ClientApp\dist\out-tsc\src\models\ILabel.js
E:\Angular 5\fundooNotesAngular5\fundooNotesAngular5\fundooNotesAngular5\ClientApp\dist\out-tsc\src\models\ILabel.js.map
E:\Angular 5\fundooNotesAngular5\fundooNotesAngular5\fundooNotesAngular5\ClientApp\dist\out-tsc\src\models\INotes.js
E:\Angular 5\fundooNotesAngular5\fundooNotesAngular5\fundooNotesAngular5\ClientApp\dist\out-tsc\src\models\INotes.js.map
E:\Angular 5\fundooNotesAngular5\fundooNotesAngular5\fundooNotesAngular5\ClientApp\dist\out-tsc\src\pipes\label.pipe.js
E:\Angular 5\fundooNotesAngular5\fundooNotesAngular5\fundooNotesAngular5\ClientApp\dist\out-tsc\src\pipes\label.pipe.js.map
E:\Angular 5\fundooNotesAngular5\fundooNotesAngular5\fundooNotesAngular5\ClientApp\dist\out-tsc\src\app\collaborator\collaborator.component.spec.js
E:\Angular 5\fundooNotesAngular5\fundooNotesAngular5\fundooNotesAngular5\ClientApp\dist\out-tsc\src\app\collaborator\collaborator.component.spec.js.map
E:\Angular 5\fundooNotesAngular5\fundooNotesAngular5\fundooNotesAngular5\ClientApp\dist\out-tsc\src\app\home\home.component.spec.js
E:\Angular 5\fundooNotesAngular5\fundooNotesAngular5\fundooNotesAngular5\ClientApp\dist\out-tsc\src\app\home\home.component.spec.js.map
E:\Angular 5\fundooNotesAngular5\fundooNotesAngular5\fundooNotesAngular5\ClientApp\dist\out-tsc\src\app\label\label.component.spec.js
E:\Angular 5\fundooNotesAngular5\fundooNotesAngular5\fundooNotesAngular5\ClientApp\dist\out-tsc\src\app\label\label.component.spec.js.map
E:\Angular 5\fundooNotesAngular5\fundooNotesAngular5\fundooNotesAngular5\ClientApp\dist\out-tsc\src\app\login\login.component.spec.js
E:\Angular 5\fundooNotesAngular5\fundooNotesAngular5\fundooNotesAngular5\ClientApp\dist\out-tsc\src\app\login\login.component.spec.js.map
E:\Angular 5\fundooNotesAngular5\fundooNotesAngular5\fundooNotesAngular5\ClientApp\dist\out-tsc\src\app\nav-practise\nav-practise.component.spec.js
E:\Angular 5\fundooNotesAngular5\fundooNotesAngular5\fundooNotesAngular5\ClientApp\dist\out-tsc\src\app\nav-practise\nav-practise.component.spec.js.map
E:\Angular 5\fundooNotesAngular5\fundooNotesAngular5\fundooNotesAngular5\ClientApp\dist\out-tsc\src\app\navigation-demo\navigation-demo.component.spec.js
E:\Angular 5\fundooNotesAngular5\fundooNotesAngular5\fundooNotesAngular5\ClientApp\dist\out-tsc\src\app\navigation-demo\navigation-demo.component.spec.js.map
E:\Angular 5\fundooNotesAngular5\fundooNotesAngular5\fundooNotesAngular5\ClientApp\dist\out-tsc\src\app\note\note.component.spec.js
E:\Angular 5\fundooNotesAngular5\fundooNotesAngular5\fundooNotesAngular5\ClientApp\dist\out-tsc\src\app\note\note.component.spec.js.map
E:\Angular 5\fundooNotesAngular5\fundooNotesAngular5\fundooNotesAngular5\ClientApp\dist\out-tsc\src\app\notedetails\notedetails.component.spec.js
E:\Angular 5\fundooNotesAngular5\fundooNotesAngular5\fundooNotesAngular5\ClientApp\dist\out-tsc\src\app\notedetails\notedetails.component.spec.js.map
E:\Angular 5\fundooNotesAngular5\fundooNotesAngular5\fundooNotesAngular5\ClientApp\dist\out-tsc\src\app\register\register.component.spec.js
E:\Angular 5\fundooNotesAngular5\fundooNotesAngular5\fundooNotesAngular5\ClientApp\dist\out-tsc\src\app\register\register.component.spec.js.map
